C51 COMPILER V9.01   LCD1602                                                               07/21/2018 20:48:59 PAGE 1   


C51 COMPILER V9.01, COMPILATION OF MODULE LCD1602
OBJECT MODULE PLACED IN .\LCD1602.obj
COMPILER INVOKED BY: D:\Kell\C51\BIN\C51.EXE ..\Src\LCD1602.c BROWSE DEBUG OBJECTEXTEND PRINT(.\LCD1602.lst) OBJECT(.\LC
                    -D1602.obj)

line level    source

   1          #include "RM.h"
   2          #include "LCD1602.h"
   3          
   4          #define DataPort P2
   5          
   6          sbit RS=P3^2;
   7          sbit RW=P3^3;
   8          sbit EN=P3^4;
   9          sbit isBusy=P2^7;                                       //è¿”å›LCD1602æ˜¯å¦æ­£å¿™
  10          
  11          #define rs RS
  12          #define rw RW
  13          #define en EN
  14          
  15          #define ICON_HEIGHT                                                                                                                     //è‡ªå®šä¹‰å­—ç¬¦é«˜åº¦
  16          static code uchar funnelIcon[]={0x1F,0x11,0x1B,0x0A,0x0A,0x0A,0x04,0x04};               //è‡ªå®šä¹‰å­—ç¬¦ï¼šæ¼æ–—
  17          
  18          static uchar tmp[10];                                                                                                           //å…¬ç”¨ä¸´æ—¶æ•°ç»„
  19          static int intPart;                                                                                                                     //å…¬ç”¨æ•´æ•°éƒ¨åˆ†ä¸´æ—¶å‚¨å­˜
  20          static int decPart;                                                                                                                     //å…¬ç”¨å°æ•°éƒ¨åˆ†ä¸´æ—¶å‚¨å­˜
  21          
  22          /**
  23           * æµ‹è¯•LCD1602æ˜¯å¦æ­£å¤„äºå¿™ç¢ŒçŠ¶æ€
  24           * @Author   Xiaobo        Yang
  25           * @DateTime 2018-07-15
  26           * @Summury       Omitted
  27           * @return   è¿”å›1ä»¥è¡¨ç¤ºæ­£åœ¨å¿™ç¢Œ.
  28           */
  29          bit BusyTest(){
  30   1              bit result;
  31   1              rs=0;
  32   1              rw=1;
  33   1              en=1;                                                   //LCD1602è¯»å‘½ä»¤æ—¶enåº”è¯¥æ˜¯é«˜ç”µå¹³
  34   1              delaynMC(6);
  35   1              result=isBusy;
  36   1              en=0;                                                   //enæ¢å¤åˆ°0
  37   1              return result;
  38   1      }
  39          /**
  40           * å‘LCD1602å†™å…¥æŒ‡ä»¤
  41           * @Author   Xiaobo     Yang
  42           * @DateTime 2018-07-15
  43           * @Summury  Omitted
  44           * @param    CMD        8bitæŒ‡ä»¤
  45           */
  46          void LCDWriteCommand(uchar CMD){
  47   1              while(BusyTest());
  48   1              rs=0;
  49   1              rw=0;
  50   1              en=0;
  51   1              DataPort=CMD;
  52   1              delaynMC(6);
  53   1              en=1;                                                   //è®©enäº§ç”Ÿä»0åˆ°1çš„è·³å˜ï¼Œå†™å…¥æŒ‡ä»¤
  54   1              delaynMC(6);            
C51 COMPILER V9.01   LCD1602                                                               07/21/2018 20:48:59 PAGE 2   

  55   1              en=0;                                                   //enä¸‹é™æ²¿ï¼ŒLCD1602æ‰§è¡ŒæŒ‡ä»¤
  56   1      }
  57          /**
  58           * ç§»åŠ¨LCD1602æ˜¾ç¤ºä½ç½®
  59           * @Author   Xiaobo     Yang
  60           * @DateTime 2018-07-15
  61           * @Summury  
  62           * @param    x          xåæ ‡ï¼Œåœ¨0~15ä¹‹é—´
  63           * @param    y          yåæ ‡ï¼Œåªæœ‰0,1ä¸¤ç§é€‰æ‹©
  64           */
  65          void LCDMoveCursor(uchar x,uchar y){
  66   1              uchar co;
  67   1              co=x;
  68   1              if(y){
  69   2                      co|=0xc0;
  70   2              }
  71   1              else{
  72   2                      co|=0x80;
  73   2              }
  74   1              LCDWriteCommand(co);
  75   1      }
  76          /**
  77           * å‘LCD1602å†™å…¥æ•°æ®ï¼Œè®©LCD1602åœ¨å…‰æ ‡ä½ç½®æ‰“å‡ºè¾“å…¥çš„å­—ç¬¦
  78           * @Author   Xiaobo     Yang
  79           * @DateTime 2018-07-15
  80           * @Summury
  81           * @param    data       è¦æ˜¾ç¤ºçš„å­—ç¬¦çš„ASCIIç 
  82           */
  83          void LCDWriteData(uchar x){
  84   1              while(BusyTest());
  85   1              rs=1;
  86   1              rw=0;
  87   1              en=0;
  88   1              DataPort=x;
  89   1              delaynMC(6);
  90   1              en=1;                                                           //è®©enäº§ç”Ÿä»0åˆ°1çš„è·³å˜ï¼Œå†™å…¥æ•°æ®
  91   1              delaynMC(6);            
  92   1              en=0;                                                           //enä¸‹é™æ²¿ï¼ŒLCD1602å¼€å§‹è¾“å‡º
  93   1      }
  94          /**
  95           * Initialte LCD1602
  96           * @Author   Xiaobo     Yang
  97           * @DateTime 2018-07-16
  98           * @Summury
  99           */
 100          void LcdInitiate(void)
 101          {
 102   1              uchar i;
 103   1              delaynms(15);                                           //å»¶æ—¶15msï¼Œé¦–æ¬¡å†™æŒ‡ä»¤æ—¶åº”ç»™LCD ä¸€æ®µè¾ƒé•¿çš„ååº”æ—¶é—´
 104   1              LCDWriteCommand(0x38);                          //æ˜¾ç¤ºæ¨¡å¼è®¾ç½®ï¼š 16Ã— 2 æ˜¾ç¤ºï¼Œ 5Ã— 7 ç‚¹é˜µï¼Œ 8 ä½æ•°æ®æ¥å£
 105   1              delaynms(5);                                            //å»¶æ—¶5ms ï¼Œç»™ç¡¬ä»¶ä¸€ç‚¹ååº”æ—¶é—´
 106   1              LCDWriteCommand(0x38);
 107   1              delaynms(5);                                            //å»¶æ—¶5ms ï¼Œç»™ç¡¬ä»¶ä¸€ç‚¹ååº”æ—¶é—´
 108   1              LCDWriteCommand(0x38);                          //è¿ç»­ä¸‰æ¬¡ï¼Œç¡®ä¿åˆå§‹åŒ–æˆåŠŸ
 109   1              delaynms(5);                                            //å»¶æ—¶5ms ï¼Œç»™ç¡¬ä»¶ä¸€ç‚¹ååº”æ—¶é—´
 110   1              LCDWriteCommand(0x0c);                          //æ˜¾ç¤ºæ¨¡å¼è®¾ç½®ï¼šæ˜¾ç¤ºå¼€ï¼Œæ— å…‰æ ‡ï¼Œå…‰æ ‡ä¸é—ªçƒ
 111   1              delaynms(5);                                            //å»¶æ—¶5ms ï¼Œç»™ç¡¬ä»¶ä¸€ç‚¹ååº”æ—¶é—´
 112   1              LCDWriteCommand(0x06);                          //æ˜¾ç¤ºæ¨¡å¼è®¾ç½®ï¼šå…‰æ ‡å³ç§»ï¼Œå­—ç¬¦ä¸ç§»
 113   1              delaynms(5);                                            //å»¶æ—¶5ms ï¼Œç»™ç¡¬ä»¶ä¸€ç‚¹ååº”æ—¶é—´
 114   1              LCDWriteCommand(0x40);                          //å†™å…¥è‡ªå®šä¹‰å­—ç¬¦
 115   1                                              
 116   1              for(i=0;i<8;i++){
C51 COMPILER V9.01   LCD1602                                                               07/21/2018 20:48:59 PAGE 3   

 117   2                      LCDWriteData(funnelIcon[i]);
 118   2                      }
 119   1              LCDWriteCommand(0x01);                          //æ¸…å±å¹•æŒ‡ä»¤ï¼Œå°†ä»¥å‰çš„æ˜¾ç¤ºå†…å®¹æ¸…é™¤
 120   1              delaynms(5);                                            //å»¶æ—¶5ms ï¼Œç»™ç¡¬ä»¶ä¸€ç‚¹ååº”æ—¶é—´
 121   1              LCDMoveCursor(0,0);
 122   1      }
 123          /**
 124           * æ¸…å±å‡½æ•°
 125           * @Author   Xiaobo     Yang
 126           * @DateTime 2018-07-15
 127           * @Summury
 128           */
 129          void LCDCls(){
 130   1              LCDWriteCommand(0x01);
 131   1      }
 132          /**
 133           * åœ¨æŒ‡å®šä½ç½®æ˜¾ç¤ºä¸€ä¸ªå­—ç¬¦
 134           * @Author   Xiaobo     Yang
 135           * @DateTime 2018-07-15
 136           * @Summury
 137           * @param    x          å­—ç¬¦çš„xåæ ‡ï¼Œåœ¨0~15ä¹‹é—´
 138           * @param    y          å­—ç¬¦çš„yåæ ‡ï¼Œåœ¨0~1ä¹‹é—´
 139           * @param    c          è¦æ˜¾ç¤ºå­—ç¬¦çš„ASCIIç 
 140           */
 141          void LCDPrintChar(uchar x,uchar y,uchar c){
 142   1              LCDMoveCursor(x,y);
 143   1              LCDWriteData(c);
 144   1      }
 145          /**
 146           * åœ¨æŒ‡å®šä½ç½®æ˜¾ç¤ºä¸€ä¸ªæ•´æ•°
 147           * @Author   Xiaobo     Yang
 148           * @DateTime 2018-07-18
 149           * @Summury
 150           * @param    x          å­—ç¬¦çš„xåæ ‡ï¼Œåœ¨0~15ä¹‹é—´
 151           * @param    y          å­—ç¬¦çš„yåæ ‡ï¼Œåœ¨0~1ä¹‹é—´
 152           * @param    num        è¦æ˜¾ç¤ºæ•´æ•°
 153           */
 154          void LCDPrintNum(uchar x,uchar y,uint num){
*** WARNING C235 IN LINE 154 OF ..\SRC\LCD1602.C: parameter 3: different types
 155   1              uchar i=0;
 156   1              LCDMoveCursor(x,y);     
 157   1              do{
 158   2                      tmp[i++]=num%10;                                                //ä»ä¸ªä½å¼€å§‹å‹æ ˆ
 159   2                      num/=10;
 160   2              }while(num);
 161   1              while(i){
 162   2                      LCDWriteData(tmp[--i]+'0');                             //ä»æ ˆä¸­æŠŠæ•°å­—é¡ºåºpopå‡ºæ¥
 163   2              }
 164   1      }
 165          /**
 166           * åœ¨æŒ‡å®šä½ç½®æ˜¾ç¤ºä¸€ä¸ªæŒ‡å®šä½æ•°çš„æ•´æ•°
 167           * @Author   Xiaobo     Yang
 168           * @DateTime 2018-07-21
 169           * @Summury
 170           * @param    x          [description]
 171           * @param    y          [description]
 172           * @param    num        [description]
 173           */
 174          void LCDPrintNumFixdgt(uchar x,uchar y,uint num,uchar dgt){
 175   1              LCDMoveCursor(x,y);
 176   1              while(dgt){
 177   2                      dgt--;
C51 COMPILER V9.01   LCD1602                                                               07/21/2018 20:48:59 PAGE 4   

 178   2                      LCDWriteData( num/(10^dgt) +'0');
 179   2                      num%=10^dgt;
 180   2              }
 181   1      }
 182          /**
 183           * åœ¨æŒ‡å®šä½ç½®æ˜¾ç¤ºä¸€ä¸ªæµ®ç‚¹æ•°ï¼Œä¸‰ä½æ•´æ•°ï¼Œä¸‰ä½å°æ•°ï¼Œæ•°é‡çº§ä»¥10E3é€’å¢ï¼Œå¤§äº999
             -Må®šä¹‰ä¸ºæ— ç©·
 184           * @Author   Xiaobo     Yang
 185           * @DateTime 2018-07-18
 186           * @Summury
 187           * @param    x          å­—ç¬¦çš„xåæ ‡ï¼Œåœ¨0~15ä¹‹é—´
 188           * @param    y          å­—ç¬¦çš„yåæ ‡ï¼Œåœ¨0~1ä¹‹é—´
 189           * @param    num        è¦æ˜¾ç¤ºæ•´æ•°
 190           */
 191          void LCDPrintFloat(uchar x,uchar y,float num){
 192   1              if(num>=1e9){                                                           //å¤§äº1Gï¼Œæ˜¾ç¤ºæ— ç©·
 193   2                      LCDPrintStr(x,y,"Infinite");
 194   2              }
 195   1              else if(num>=1e6){                                                      //1Måˆ°1Gä¹‹é—´ï¼Œä»¥Mä¸ºå•ä½æ˜¾ç¤ºä¸‰ä½æ•´æ•°ï¼Œä¸‰ä½å°æ•°
 196   2                      num/=1e6;
 197   2                      intPart=(int) num;                                              //æˆªå°¾è·å–æ•´æ•°éƒ¨åˆ†
 198   2                      decPart=(int) ((num-intPart)*1000);             //numå‡å»æ•´æ•°éƒ¨åˆ†å*1000åæ‰€å¾—æ•°ç»„çš„æ•´æ•°éƒ¨åˆ†ï¼Œå°±
             -æ˜¯å°æ•°çš„å‰ä¸‰ä½
 199   2                      LCDPrintNum(x,y,intPart);                               //æ‰“å°æ•´æ•°éƒ¨åˆ†
 200   2                      LCDWriteData('.');                                              //æ‰“å°å°æ•°ç‚¹
 201   2                      LCDWriteData(decPart/100+'0');                  //å–å¾—ç™¾ä½æ•°çš„ASICCç 
 202   2                      LCDWriteData( (decPart%100)/10+'0' );   //å–å¾—åä½æ•°çš„ASICCç 
 203   2                      LCDWriteData( (decPart%10)+'0' );               //å–å¾—ä¸ªä½æ•°çš„ASICCç 
 204   2                      LCDWriteData('M');                                              //æ‰“å°å•ä½
 205   2              }
 206   1              else if(num>1e3){                                                       //1Kåˆ°1Mä¹‹é—´ï¼Œä»¥Kä¸ºå•ä½æ˜¾ç¤ºä¸‰ä½æ•´æ•°ï¼Œä¸‰ä½å°æ•°
 207   2                      num/=1e3;
 208   2                      intPart=(int) num;
 209   2                      decPart=(int) ((num-intPart)*1000);
 210   2                      LCDPrintNum(x,y,intPart);
 211   2                      LCDWriteData('.');
 212   2                      LCDWriteData(decPart/100+'0');
 213   2                      LCDWriteData( (decPart%100)/10+'0' );
 214   2                      LCDWriteData( (decPart%10)+'0' );
 215   2                      LCDWriteData('K');
 216   2              }
 217   1              else{                                                                           //å°äº1Kï¼Œæ˜¾ç¤ºä¸‰ä½æ•´æ•°ï¼Œå››ä½å°æ•°
 218   2                      intPart=(int) num;
 219   2                      decPart=(int) ((num-intPart)*10000);
 220   2                      LCDPrintNum(x,y,intPart);
 221   2                      LCDWriteData('.');
 222   2                      LCDWriteData(decPart/1000+'0');
 223   2                      LCDWriteData( (decPart%1000)/100 +'0' );
 224   2                      LCDWriteData( (decPart%100)/10+'0' );
 225   2                      LCDWriteData( (decPart%10)+'0' );
 226   2              }
 227   1      }
 228          /**
 229           * åœ¨æŒ‡å®šä½ç½®æ˜¾ç¤ºä¸€ä¸ªå­—ç¬¦ä¸²
 230           * @Author   Xiaobo     Yang
 231           * @DateTime 2018-07-15
 232           * @Summury
 233           * @param    x          å­—ç¬¦ä¸²èµ·å§‹xåæ ‡ï¼Œåœ¨0~15ä¹‹é—´
 234           * @param    y          å­—ç¬¦ä¸²èµ·å§‹yåæ ‡ï¼Œåœ¨0~1ä¹‹é—´
 235           * @param    str        è¦æ˜¾ç¤ºå­—ç¬¦ä¸²
 236           */
 237          void LCDPrintStr(uchar x,uchar y,uchar str[]){
C51 COMPILER V9.01   LCD1602                                                               07/21/2018 20:48:59 PAGE 5   

 238   1              LCDMoveCursor(x,y);
 239   1              while(*str){
 240   2                      LCDWriteData(*str);
 241   2                      str++;
 242   2              }
 243   1      }
 244          /**
 245           * æ‰“å°ä¸€è¡Œï¼Œä»åˆå§‹åæ ‡xï¼Œyå¼€å§‹ï¼Œå…ˆæ¸…é™¤è¦æ‰“å°è¡ŒåŸæœ‰æ‰€æœ‰å­—ç¬¦ï¼Œç„¶åæ˜¾ç¤ºè¾“å…
             -¥çš„å­—ç¬¦
 246           * @Author   Xiaobo     Yang
 247           * @DateTime 2018-07-15
 248           * @Summury
 249           * @param    x          å­—ç¬¦æ˜¾ç¤ºèµ·å§‹æ¨ªåæ ‡
 250           * @param    y          å­—ç¬¦æ˜¾ç¤ºèµ·å§‹çºµåæ ‡
 251           * @param    str        è¦æ˜¾ç¤ºçš„å­—ç¬¦ä¸²
 252           */
 253          void LCDPrintLine(uchar x,uchar y,uchar str[]){
 254   1              uchar i;
 255   1              LCDMoveCursor(0,y);
 256   1              for(i=0;i<0x10;i++) LCDWriteData(0x20);                 //å°†è¦æ‰“å°å­—ç¬¦ä¸²æ‰€åœ¨è¡Œç”¨ç©ºæ ¼è¦†ç›–ä¸€éï¼Œç›¸å½“ä
             -ºæ“¦é™¤
 257   1              LCDMoveCursor(x,y);
 258   1              while(*str){
 259   2                      LCDWriteData(*str);
 260   2                      str++;
 261   2              }
 262   1      }
 263          /**
 264           * æ‰“å°ä¸¤è¡Œå­—åœ¨å±å¹•ä¸Š
 265           * @Author   Xiaobo     Yang
 266           * @DateTime 2018-07-19
 267           * @Summury
 268           * @param    str1       ç¬¬ä¸€è¡Œå­—
 269           * @param    str2       ç¬¬äºŒè¡Œå­—
 270           */
 271          void LCDPrintScreen(uchar str1[],uchar str2[]){
 272   1              LCDWriteCommand(0x01);                                                  //æ¸…å±
 273   1              LCDMoveCursor(0,0);
 274   1              while(*str1){                                                                   //æ‰“å°ç¬¬ä¸€è¡Œå­—ç¬¦ä¸²
 275   2                      LCDWriteData(*str1++);
 276   2              }
 277   1              LCDMoveCursor(0,1);                                                             //æ‰“å°ç¬¬äºŒè¡Œå­—ç¬¦ä¸²
 278   1              while(*str2){
 279   2                      LCDWriteData(*str2++);
 280   2              }
 281   1      }
 282          /**
 283           * ä»åæ ‡xï¼Œyå¼€å§‹æ¸…é™¤é•¿åº¦ä¸ºlençš„å­—ç¬¦
 284           * @Author   Xiaobo     Yang
 285           * @DateTime 2018-07-15
 286           * @Summury
 287           * @param    x          æ¸…é™¤å¼€å§‹æ¨ªåæ ‡x
 288           * @param    y          æ¸…é™¤å¼€å§‹çºµåæ ‡y
 289           * @param    len        è¦æ¸…é™¤çš„é•¿åº¦
 290           */
 291          void LCDErase(uchar x,uchar y,uchar len){
 292   1              uchar i;
 293   1              LCDMoveCursor(x,y);
 294   1              for(i=0;i<len;i++) LCDWriteData(0x20);                  //ä»å¼€å§‹åæ ‡å¼€å§‹ç”¨ç©ºæ ¼æ“¦é™¤æ‰åˆ¶å®šé•¿åº¦çš„å­—ç¬¦
 295   1      }
 296          /**
 297           * æ‰“å¼€æ˜¾ç¤ºå±å¹¶æ˜¾ç¤ºé—ªçƒçš„å…‰æ ‡ã€‚
C51 COMPILER V9.01   LCD1602                                                               07/21/2018 20:48:59 PAGE 6   

 298           * @Author   Xiaobo     Yang
 299           * @DateTime 2018-07-15
 300           * @Summury
 301           */
 302          void cursor_show_LCD1602(){
 303   1              LCDWriteCommand(0x0f);
 304   1      }
 305          /**
 306           * éšè—å…‰æ ‡ã€‚
 307           * @Author   Xiaobo     Yang
 308           * @DateTime 2018-07-15
 309           * @Summury
 310           */
 311          void cursor_hide_LCD1602(){
 312   1              LCDWriteCommand(0x0c);
 313   1      }


MODULE INFORMATION:   STATIC OVERLAYABLE
   CODE SIZE        =    984    ----
   CONSTANT SIZE    =     17    ----
   XDATA SIZE       =   ----    ----
   PDATA SIZE       =   ----    ----
   DATA SIZE        =     14      35
   IDATA SIZE       =   ----    ----
   BIT SIZE         =   ----       1
END OF MODULE INFORMATION.


C51 COMPILATION COMPLETE.  1 WARNING(S),  0 ERROR(S)
