C51 COMPILER V9.01   MENU                                                                  07/22/2018 13:31:07 PAGE 1   


C51 COMPILER V9.01, COMPILATION OF MODULE MENU
OBJECT MODULE PLACED IN .\Menu.obj
COMPILER INVOKED BY: D:\Kell\C51\BIN\C51.EXE ..\Src\Menu.c BROWSE DEBUG OBJECTEXTEND PRINT(.\Menu.lst) OBJECT(.\Menu.obj
                    -)

line level    source

   1          #include "RM.h"
   2          #include "Menu.h"
   3          #include "Timer.h"
   4          #include "Key.h"
   5          #include "LCD1602.h"
   6          #include "CalcR.h"
   7          
   8          #define MENUID_DEBUG_MODE_ON    0                                       //ËèúÂçïÈÄâÈ°πIDÁöÑÂÆèÂÆö‰πâ
   9          #define MENUID_SIEVE_MODE_ON    1
  10          #define MENUID_SET_SIEVE        3
  11          #define MENUID_START_PLOT       4
  12          #define MENUID_RESET_DEVICE     5
  13          #define MENUID_EXIT             6
  14          #define MENUID_DEBUG_YES                7
  15          #define MENUID_DEBUG_NO                 8
  16          #define MENUID_SIEVE_YES        9               
  17          #define MENUID_SIEVE_NO                 10      
  18          #define MENUID_AVERGE_YES       11
  19          #define MENUID_AVERGE_NO                12
  20          #define MENUID_AVERG_MODE_ON    13      
  21          
  22          #define MENU_OPTION_NUM_MAIN    7                                       //ËèúÂçïÊù°ÁõÆÊï∞ÁöÑÂÆèÂÆö‰πâ
  23          #define MENU_OPTION_NUM_YN              2
  24          
  25          typedef struct MenuRecord *ptrToMenuRecord;                     //ÂÆö‰πâÊåáÂêëËèúÂçïËÆ∞ÂΩïÁöÑÊåáÈíà
  26          typedef ptrToMenuRecord   Menu;                                         //ÊåáÂêëËèúÂçïËÆ∞ÂΩïÁöÑÊåáÈíàÁõ¥Êé•Âè´Menu
  27          typedef struct MenuOp     *ptrToMenuOp;                         //ÊåáÂêëËèúÂçïÈÄâÈ°πÁöÑÊåáÈíà
  28          
  29          struct MenuOp{                                                                          //ËèúÂçïÈÄâÈ°πÁöÑÁªìÊûÑ
  30                  uchar opID;                                                                             //ÈÄâÈ°πÁöÑID
  31                  char *opString;                                                                 //ÈÄâÈ°πÊòæÁ§∫ÁöÑÂ≠óÁ¨¶‰∏≤
  32                  Menu subMenu;                                                                   //ÈÄâÈ°πÁöÑÂ≠êËèúÂçï
  33                  void (*pOpFunc) (void);                                                 //ÈÄâÊã©ËØ•ÈÄâÈ°πÊâßË°åÁöÑÂáΩÊï∞
  34          };
  35          
  36          struct MenuRecord{                                                                      //ËèúÂçïËÆ∞ÂΩïÁöÑÁªìÊûÑ
  37                  uchar opNum;                                                                    //ËØ•ËèúÂçïÈÄâÈ°πÁöÑÊù°ÁõÆÊï∞
  38                  Menu superMenu;                                                                 //ËØ•ËèúÂçïÁöÑ‰∏ä‰∏ÄÁ∫ßËèúÂçï
  39                  ptrToMenuOp OpArray;                                                    //ËØ•ËèúÂçïÁöÑÊù°ÁõÆÊï∞ÁªÑ
  40          };
  41          
  42          static code struct MenuOp debugYNOpArray[MENU_OPTION_NUM_YN]={                                                          //Yes No ËèúÂçïÁöÑÈÄâÈ°πÊï∞ÁªÑ
  43                  {MENUID_DEBUG_YES,"Yes",NULL,MenuOpYN},
  44                  {MENUID_DEBUG_NO,"No",NULL,MenuOpYN}
  45          };
  46          static struct MenuRecord debugYNMenuRecord={MENU_OPTION_NUM_YN,NULL,debugYNOpArray};            //Yes No  ËèúÂçïÁöÑË
             -èúÂçïËÆ∞ÂΩï
  47          static code Menu debugYNMenu=&debugYNMenuRecord;                                                                                        //Áî®Âè´ÂÅöynMenuÁöÑÊåáÈíàÊåáÂêëËÆ∞ÂΩï
  48          
  49          static code struct MenuOp sieveYNOpArray[MENU_OPTION_NUM_YN]={                                                          //Yes No ËèúÂçïÁöÑÈÄâÈ°πÊï∞ÁªÑ
  50                  {MENUID_SIEVE_YES,"Yes",NULL,MenuOpYN},
  51                  {MENUID_SIEVE_NO,"No",NULL,MenuOpYN}
  52          };
  53          static struct MenuRecord sieveYNMenuRecord={MENU_OPTION_NUM_YN,NULL,sieveYNOpArray};            //Yes No  ËèúÂçïÁöÑË
C51 COMPILER V9.01   MENU                                                                  07/22/2018 13:31:07 PAGE 2   

             -èúÂçïËÆ∞ÂΩï
  54          static code Menu sieveYNMenu=&sieveYNMenuRecord;                                                                                        //Áî®Âè´ÂÅöynMenuÁöÑÊåáÈíàÊåáÂêëËÆ∞ÂΩï
  55          
  56          static code struct MenuOp avergYNOpArray[MENU_OPTION_NUM_YN]={                                                          //Yes No ËèúÂçïÁöÑÈÄâÈ°πÊï∞ÁªÑ
  57                  {MENUID_AVERGE_YES,"Yes",NULL,MenuOpYN},
  58                  {MENUID_AVERGE_NO,"No",NULL,MenuOpYN}
  59          };
  60          static struct MenuRecord avergYNMenuRecord={MENU_OPTION_NUM_YN,NULL,avergYNOpArray};            //Yes No  ËèúÂçïÁöÑË
             -èúÂçïËÆ∞ÂΩï
  61          static code Menu avergYNMenu=&avergYNMenuRecord;                                                                                        //Áî®Âè´ÂÅöynMenuÁöÑÊåáÈíàÊåáÂêëËÆ∞ÂΩï
  62          
  63          static code struct MenuOp MainMenuOpArray[MENU_OPTION_NUM_MAIN]={                                                       //mainËèúÂçïÁöÑÈÄâÈ°πÊï∞ÁªÑ                             
  64                  {MENUID_DEBUG_MODE_ON,"Debug Mode On",&debugYNMenuRecord,NULL},
  65                  {MENUID_AVERG_MODE_ON,"Averg Mode On",&avergYNMenuRecord,NULL},
  66                  {MENUID_SIEVE_MODE_ON,"Sieve Mode On",&sieveYNMenuRecord,NULL},
  67                  {MENUID_SET_SIEVE,"Set Sieve",NULL,MenuOpSetSieve},
  68                  {MENUID_START_PLOT,"Start Plot",NULL,MenuOpStartPlot},
  69                  {MENUID_RESET_DEVICE,"Reset Device",NULL,MenuOpRstDev},
  70                  {MENUID_EXIT,"Exit",NULL,MenuOpExit}
  71          };
  72          static code struct MenuRecord mainMenuRecord={MENU_OPTION_NUM_MAIN,NULL,MainMenuOpArray};       //mainËèúÂçïÁöÑË
             -èúÂçïËÆ∞ÂΩï
  73          static code Menu mainMenu=&mainMenuRecord;                                                                                                  //Áî®Âè´ÂÅömainMenuÁöÑÊåáÈíàÊåáÂêëËÆ∞ÂΩï
  74          
  75          static Menu  curMenu;                                                           //ÊåáÂêëÂΩìÂâçËèúÂçïÁöÑËÆ∞ÂΩï
  76          static char curOp;                                                                      //ÂΩìÂâçÊù°ÁõÆ
  77          
  78          static bit isExit;                                                                      //Ê∂àÊÅØÂèòÈáèÔºöÊòØÂê¶ÈÄÄÂá∫ËèúÂçï
  79          
  80          extern bit   isSieveOn;                                                         //Ê∂àÊÅØÂèòÈáè:Á≠õÈÄâÊòØÂê¶ÊâìÂºÄ
  81          extern float sieveRVal;                                                         //Á≠õÈÄâÁîµÈòªÁöÑ‰∏≠ÂøÉÂÄº
  82          extern float errTolr;                                                           //ËØØÂ∑ÆÈôê
  83          extern bit   isDebug;                                                           //Ê∂àÊÅØÂèòÈáè:Ë∞ÉËØïÊ®°ÂºèÊâìÂºÄ
  84          extern bit   isAverg;
  85          
  86          sbit    Led1 = P1^0;                                                            //LedÂèòÈáè
  87          sbit    Led2 = P1^1;
  88          sbit    Led3 = P1^2;
  89          
  90          sbit servoConOut = P3^7;
  91          
  92          static uchar pwmTCount;                         
  93          static uchar pwmNCount;                         
  94          static xdata float pwmRVal[17];         
  95          
  96          extern float idata curRValue;
  97          extern code char *mearsStr;
  98          
  99          extern uchar t1IntrTimes;               
 100          extern bit isKeyEvents;
 101          extern bit isTimerEvent;
 102          
 103          extern uchar key1Events;
 104          extern uchar key2Events;
 105          extern uchar key3Events;
 106          
 107          static uint  rNumPart;                                                          //Á≠õÈÄâÁîµÈòªÁöÑ‰∏â‰ΩçÊï∞Â≠óÈÉ®ÂàÜ
 108          static uchar rUnit;                                                                     //Á≠õÈÄâÁîµÈòªÁöÑÂçï‰ΩçÔºåÂèØ‰ª•ÊòØ 0x20 'K' 'M'
 109          static uchar errTolrE2;                                                         //ËØØÂ∑ÆÈôê*100
 110          /**
 111           * ÂàùÂßãÂåñËèúÂçï
 112           * @Author   Xiaobo     Yang
C51 COMPILER V9.01   MENU                                                                  07/22/2018 13:31:07 PAGE 3   

 113           * @DateTime 2018-07-21
 114           * @Summury
 115           */
 116          void InitialMenu(){
 117   1              debugYNMenu->superMenu=mainMenu;                                //ËèúÂçïÂâçÂêé‰∫íÊåáÔºåÂõ†Ê≠§‰∏ÄÈÉ®ÂàÜÊåáÂêëÂ∑•‰ΩúË¶ÅÂà∞Á®ãÂ∫èÂÆåÊàê
 118   1              sieveYNMenu->superMenu=mainMenu;
 119   1              avergYNMenu->superMenu=mainMenu;
 120   1              curMenu=mainMenu;                                                               //ÂàùÂßãÂåñÊâÄÊúâÊúâÂÖ≥ÂÖ®Â±ÄÂèòÈáè
 121   1              curOp=0;
 122   1              isExit=0;
 123   1              isSieveOn=0;
 124   1              sieveRVal=0.0;
 125   1              errTolr=0.0;
 126   1              rNumPart=0;
 127   1              rUnit=0x20;
 128   1              errTolrE2=0;
 129   1              isDebug=1;
 130   1              pwmTCount=0;
 131   1              pwmNCount=0;
 132   1      }
 133          /**
 134           * ÊâìÂºÄËèúÂçï
 135           * @Author   Xiaobo     Yang
 136           * @DateTime 2018-07-21
 137           * @Summury
 138           */
 139          void MenuImpl(){
 140   1              curMenu=mainMenu;                                                               //‰ªéÂ§¥ÂºÄÂßãÊòæÁ§∫ËèúÂçï
 141   1              curOp=0;
 142   1              isExit=0;
 143   1              ShowMenu();
 144   1              SwitchTimerFun(TIMERFUN_KEY_SCAN);                              //ÂºÄÂßãÈîÆÁõòÊâ´Êèè
 145   1              StartTimer();
 146   1              while(!isExit){
 147   2                      if(isKeyEvents){
 148   3                              SwitchTimerFun(TIMERFUN_HALT);                  //TODO:ÊàñËÆ∏ÂèØ‰ª•‰ºòÂåñÊéâ
 149   3                              MenuKeyTreat();
 150   3                              SwitchTimerFun(TIMERFUN_KEY_SCAN);              //ÈáçÂêØÈîÆÁõòÊâ´Êèè
 151   3                              StartTimer();
 152   3                      }
 153   2              }
 154   1      }
 155          /**
 156           * ÊòæÁ§∫ËèúÂçï
 157           * @Author   Xiaobo     Yang
 158           * @DateTime 2018-07-21
 159           * @Summury
 160           */
 161          void ShowMenu(){
 162   1              LCDCls();
 163   1              if(curOp!=0){
 164   2                      LCDMoveCursor(1,0);                                                                             //Ê≠§Â§ÑÊúâËé´ÂêçÂÖ∂Â¶ôÁöÑbugÔºåÈúÄË¶Å‰∏ìÈó®ÈáçËÆæÂÖâÊ†á
 165   2                      LCDPrintStr(1,0,curMenu->OpArray[curOp-1].opString);
 166   2                      LCDPrintStr(1,1,curMenu->OpArray[curOp].opString);
 167   2                      LCDPrintChar(0,1,'>');
 168   2              }
 169   1              else{
 170   2                      LCDMoveCursor(1,0);
 171   2                      LCDPrintStr(1,0,curMenu->OpArray[curOp].opString);
 172   2                      LCDPrintStr(1,1,curMenu->OpArray[curOp+1].opString);
 173   2                      LCDPrintChar(0,0,'>');
 174   2              }
C51 COMPILER V9.01   MENU                                                                  07/22/2018 13:31:07 PAGE 4   

 175   1      }
 176          /**
 177           * Â§ÑÁêÜËèúÂçïÊ®°Âºè‰∏ãÁöÑÊåâÈîÆ‰ø°ÊÅØ
 178           * @Author   Xiaobo     Yang
 179           * @DateTime 2018-07-21
 180           * @Summury
 181           */
 182          void MenuKeyTreat(){
 183   1              if(key1Events){                                                                                 //key1‰ºòÂÖàÁ∫ß>key2‰ºòÂÖàÁ∫ß>key3‰ºòÂÖàÁ∫ß
 184   2                      switch(key1Events){
 185   3                              case SHORT_PRESS:
 186   3                                      curOp=(++curOp)%(curMenu->opNum);                       //Âêë‰∏ãÈÄâÊã©
 187   3                                      ShowMenu();
 188   3                                      break;
 189   3                              case LONG_PRESS:
 190   3                                      curOp=curMenu->opNum-1;
 191   3                                      ShowMenu();
 192   3                                      break;
 193   3                      }
 194   2              }
 195   1              else if(key2Events){
 196   2                      switch(key2Events){
 197   3                              case SHORT_PRESS:                                                               //Âêë‰∏äÈÄâÊã©
 198   3                                      curOp=((--curOp)<0?curOp+(curMenu->opNum):curOp);       
 199   3                                      ShowMenu();
 200   3                                      break;
 201   3                              case LONG_PRESS:
 202   3                                      curOp=0;
 203   3                                      ShowMenu();
 204   3                                      break;
 205   3                      }
 206   2              }
 207   1              else{
 208   2                      switch(key3Events){
 209   3                              case SHORT_PRESS:
 210   3                              if(curMenu->OpArray[curOp].subMenu!=NULL){
 211   4                                      curMenu=curMenu->OpArray[curOp].subMenu;        //ËøõÂÖ•Â≠êËèúÂçï
 212   4                                      curOp=0;
 213   4                                      ShowMenu();
 214   4                              }
 215   3                              else{
 216   4                                      KeyInitial();                                                           //ÂàùÂßãÂåñÂ§ñËÆæÔºåÊó∂ÈíüÂ∑≤ÁªèÂú®MenuImpl‰∏≠ÂÅúÊ≠¢
 217   4                                      isExit=1;                                                                       //ËÆæÂÆöÈÄÄÂá∫Ê®°Âºè
 218   4                                      (*(curMenu->OpArray[curOp].pOpFunc)) ();        //ÊâßË°åÈÄâÈ°πÁöÑÂáΩÊï∞
 219   4                              }       
 220   3                                      break;
 221   3                              case LONG_PRESS:                                                                //ÈïøÊåâÂèØ‰ª•ÂõûÂà∞‰∏äÁ∫ßËèúÂçï
 222   3                                      if(curMenu->superMenu!=NULL){
 223   4                                              curMenu=curMenu->superMenu;
 224   4                                              curOp=0;
 225   4                                              ShowMenu();
 226   4                                      }
 227   3                                      break;
 228   3                              default:
 229   3                                      break;
 230   3                      }
 231   2              }
 232   1              RstKeyEvents();
 233   1      }
 234          /**
 235           * ‰ªÄ‰πàÈÉΩ‰∏çÂÅö
 236           * @Author   Xiaobo     Yang
C51 COMPILER V9.01   MENU                                                                  07/22/2018 13:31:07 PAGE 5   

 237           * @DateTime 2018-07-21
 238           * @Summury
 239           */
 240          void MenuOpExit(){
 241   1              return;
 242   1      }
 243          /**
 244           * Âà©Áî®IAP_CONTRËøõË°åËΩØ‰ª∂Â§ç‰Ωç
 245           * @Author   Xiaobo     Yang
 246           * @DateTime 2018-07-21
 247           * @Summury
 248           */
 249          void MenuOpRstDev(){
 250   1              uint i=3000;
 251   1              Led3=Led2=Led1=0;                                                                               //ÁÅ≠ÁÅØÔºåÁ≠âÂæÖÊøÄÂä®‰∫∫ÂøÉÁöÑ‰∏ÄÂàª
 252   1              SwitchTimerFun(TIMERFUN_KEY_SCAN);
 253   1              StartTimer();
 254   1              while(i){
 255   2                      if(isTimerEvent){
 256   3                              isTimerEvent=0;
 257   3                              i--;                                                                                    //ÊØè0.5msËÆ©iÂáè‰∏ÄÔºå0.5S‰∫Æ‰∏Ä‰∏™ÁÅØ
 258   3                              if(i==2000){
 259   4                                      Led3=1;
 260   4                              }
 261   3                              else if(i==1000){
 262   4                                      Led2=1;
 263   4                              }
 264   3                      }
 265   2                      if(isKeyEvents){                                                                        //Â¶ÇÊúâÈîÆÁõò‰∫ã‰ª∂ÔºåÁ´ãÂç≥‰∏≠Êñ≠ÂáΩÊï∞ÊâßË°å
 266   3                              Led3=Led2=0;
 267   3                              return;
 268   3                      }
 269   2              }
 270   1              Led1=1;
 271   1              delaynms(500);
 272   1              ISP_CONTR=0x60;                                                                                 //ËΩØ‰ª∂Â§ç‰Ωç
 273   1      }
 274          /**
 275           * YNËèúÂçïÊâßË°åÔºåÁî®‰∫éÊîπÂèòdebugÂíåsieveÊ®°Âºè
 276           * @Author   Xiaobo     Yang
 277           * @DateTime 2018-07-21
 278           * @Summury
 279           */
 280          void MenuOpYN(){
 281   1              switch(curMenu->OpArray[curOp].opID){
 282   2                      case MENUID_DEBUG_YES:
 283   2                              isDebug=1;
 284   2                              break;
 285   2                      case MENUID_DEBUG_NO:
 286   2                              isDebug=0;
 287   2                              break;
 288   2                      case MENUID_SIEVE_YES:
 289   2                              isSieveOn=1;
 290   2                              break;
 291   2                      case MENUID_SIEVE_NO:
 292   2                              isSieveOn=0;
 293   2                              break;
 294   2                      case MENUID_AVERGE_YES:
 295   2                              isAverg=1;
 296   2                              break;
 297   2                      case MENUID_AVERGE_NO:
 298   2                              isAverg=0;
C51 COMPILER V9.01   MENU                                                                  07/22/2018 13:31:07 PAGE 6   

 299   2                              break;
 300   2              }
 301   1      }
 302          /**
 303           * ËΩ¨Âä®ËàµÊú∫ÁîªÊõ≤Á∫ø
 304           * @Author   Xiaobo     Yang
 305           * @DateTime 2018-07-21
 306           * @Summury
 307           */
 308          void MenuOpStartPlot(){
 309   1              uchar curShow;
 310   1              uchar isBreak;
 311   1              LCDCls();
 312   1              LCDPrintLine(0,0,mearsStr);
 313   1              pwmTCount=0;
 314   1              pwmNCount=0;
 315   1              SwitchTimerFun(TIMERFUN_PWM);
 316   1              StartTimer();
 317   1              while(1){
 318   2                      if(isTimerEvent){
 319   3                              if(pwmTCount==17){                                      
 320   4                                      break;
 321   4                              }
 322   3      
 323   3                              if(t1IntrTimes==201){                           
 324   4                                      ++pwmNCount;                                    
 325   4                                      t1IntrTimes=1;
 326   4                              }
 327   3                              if(t1IntrTimes<=7+pwmTCount)
 328   3                                      servoConOut=1;                                  
 329   3                              else
 330   3                                      servoConOut=0;
 331   3      
 332   3                              if(pwmNCount==20){
 333   4                                      servoConOut=0;
 334   4                                      pwmNCount=0;
 335   4                                      SwitchTimerFun(TIMERFUN_FREQ_MEASRURE); 
 336   4                                      StartTimer();
 337   4                                      while(!isTimerEvent);
 338   4                                      GetRVal();                                              
 339   4                                      pwmRVal[pwmTCount++]=curRValue; 
 340   4                                      SwitchTimerFun(TIMERFUN_PWM);   
 341   4                                      StartTimer();                                   
 342   4                              }
 343   3                      }
 344   2              }
 345   1              curShow=0;
 346   1              isBreak=0;
 347   1              LCDCls();
 348   1              LCDPrintFloat(0,0,pwmRVal[curShow]);
 349   1              SwitchTimerFun(TIMERFUN_KEY_SCAN);
 350   1              StartTimer();
 351   1              while(!isBreak){
 352   2                      if(isKeyEvents){
 353   3                              if(key1Events){
 354   4                                      switch(key1Events){
 355   5                                              case SHORT_PRESS:
 356   5                                                      curShow=(++curShow)%17;
 357   5                                                      break;
 358   5                                              case LONG_PRESS:
 359   5                                                      curShow=16;
 360   5                                                      break;
C51 COMPILER V9.01   MENU                                                                  07/22/2018 13:31:07 PAGE 7   

 361   5                                      }
 362   4                              }
 363   3                              else if(key2Events){
 364   4                                      switch(key2Events){
 365   5                                              case SHORT_PRESS:
 366   5                                                      curShow= (--curShow)<0?16:curShow;
 367   5                                                      break;
 368   5                                              case LONG_PRESS:
 369   5                                                      curShow=0;
 370   5                                                      break;
 371   5                                      }
 372   4                              }
 373   3                              else{
 374   4                                      switch(key3Events){
 375   5                                              case SHORT_PRESS:
 376   5                                                      isBreak=1;
 377   5                                                      break;
 378   5                                              default:
 379   5                                                      break;
 380   5                                      }
 381   4                              }
 382   3                              LCDPrintFloat(0,0,pwmRVal[curShow]);
 383   3                              RstKeyEvents();
 384   3                      }
 385   2              }
 386   1      }
 387          /**
 388           * ËÆæÁΩÆÁ≠õÈÄâÊù°‰ª∂
 389           * @Author   Xiaobo     Yang
 390           * @DateTime 2018-07-21
 391           * @Summury
 392           */
 393          void MenuOpSetSieve (){
 394   1              uchar curDigit=0;
 395   1              uchar isBreak=0;
 396   1              LCDCls();
 397   1              LCDPrintNumFixdgt(0,0,rNumPart,3);
 398   1              LCDPrintChar(3,0,rUnit);
 399   1              LCDPrintChar(curDigit,1,'^');
 400   1              SwitchTimerFun(TIMERFUN_KEY_SCAN);
 401   1              StartTimer();
 402   1              while(!isBreak){
 403   2                      if(isKeyEvents){
 404   3                              if(key1Events){
 405   4                                      switch(key1Events){
 406   5                                              case SHORT_PRESS:
 407   5                                                      switch(curDigit){
 408   6                                                              case 0:
 409   6                                                                      rNumPart=(rNumPart+100)%1000;
 410   6                                                                      break;
 411   6                                                              case 1:
 412   6                                                                      rNumPart=(rNumPart+10)%1000;
 413   6                                                                      break;
 414   6                                                              case 2:
 415   6                                                                      rNumPart=(rNumPart+1)%1000;
 416   6                                                                      break;
 417   6                                                              case 3:
 418   6                                                                      switch(rUnit){
 419   7                                                                              case 0x20:
 420   7                                                                                      rUnit='K';
 421   7                                                                                      break;
 422   7                                                                              case 'K':
C51 COMPILER V9.01   MENU                                                                  07/22/2018 13:31:07 PAGE 8   

 423   7                                                                                      rUnit='M';
 424   7                                                                                      break;
 425   7                                                                              case 'M':
 426   7                                                                                      rUnit=0x20;
 427   7                                                                                      break;
 428   7                                                                      }
 429   6                                                              break;
 430   6                                                      }
 431   5                                                      break;
 432   5                                              case LONG_PRESS:
 433   5                                                      switch(curDigit){
 434   6                                                              case 0:
 435   6                                                                      rNumPart%=100;
 436   6                                                                      break;
 437   6                                                              case 1:
 438   6                                                                      rNumPart-=((rNumPart%100)/10)*10;
 439   6                                                                      break;
 440   6                                                              case 2:
 441   6                                                                      rNumPart-=rNumPart%10;
 442   6                                                                      break;
 443   6                                                              case 3:
 444   6                                                                      rUnit=0x20;
 445   6                                                                      break;
 446   6                                                      }
 447   5                                                      break;
 448   5                                      }
 449   4                                      LCDPrintNumFixdgt(0,0,rNumPart,3);
 450   4                                      LCDPrintChar(3,0,rUnit);
 451   4                              }
 452   3                              else if(key2Events){
 453   4                                      LCDPrintChar(curDigit,1,0x20);
 454   4                                      switch(key2Events){
 455   5                                              case SHORT_PRESS:
 456   5                                                      curDigit=++curDigit%4;
 457   5                                                      break;
 458   5                                              case LONG_PRESS:
 459   5                                                      if(curDigit==3){
 460   6                                                              curDigit=0;
 461   6                                                      }
 462   5                                                      else{
 463   6                                                              curDigit=3;
 464   6                                                      }
 465   5                                                      break;
 466   5                                      }
 467   4                                      LCDPrintChar(curDigit,1,'^');
 468   4                              }
 469   3                              else{
 470   4                                      switch(key3Events){
 471   5                                              case SHORT_PRESS:
 472   5                                                      isBreak=1;
 473   5                                                      break;
 474   5                                              default:
 475   5                                                      break;
 476   5                                      }
 477   4                              }
 478   3                              RstKeyEvents(); 
 479   3                      }
 480   2              }
 481   1              curDigit=0;
 482   1              isBreak=0;
 483   1              LCDCls();
 484   1              LCDPrintNumFixdgt(0,0,errTolrE2,2);
C51 COMPILER V9.01   MENU                                                                  07/22/2018 13:31:07 PAGE 9   

 485   1              LCDPrintChar(2,0,'%');
 486   1              LCDPrintChar(curDigit,1,'^');
 487   1              while(!isBreak){
 488   2                      if(isKeyEvents){
 489   3                              if(key1Events){
 490   4                                      switch(key1Events){
 491   5                                              case SHORT_PRESS:
 492   5                                                      switch(curDigit){
 493   6                                                              case 0:
 494   6                                                                      errTolrE2=(errTolrE2+10)%100;
 495   6                                                                      break;
 496   6                                                              case 1:
 497   6                                                                      errTolrE2=(++errTolrE2)%100;
 498   6                                                                      break;
 499   6                                                      }
 500   5                                                      break;
 501   5                                              case LONG_PRESS:
 502   5                                                      switch(curDigit){
 503   6                                                              case 0:
 504   6                                                                      errTolrE2%=10;
 505   6                                                                      break;
 506   6                                                              case 1:
 507   6                                                                      errTolrE2-=errTolrE2%10;
 508   6                                                                      break;
 509   6                                                      }
 510   5                                                      break;
 511   5                                      }
 512   4                                      LCDPrintNumFixdgt(0,0,errTolrE2,2);
 513   4                              }
 514   3                              else if(key2Events){
 515   4                                      LCDPrintChar(curDigit,1,0x20);
 516   4                                      switch(key2Events){
 517   5                                              case SHORT_PRESS:
 518   5                                                      curDigit=(++curDigit)%2;
 519   5                                                      break;
 520   5                                              case LONG_PRESS:
 521   5                                                      curDigit=0;
 522   5                                                      break;
 523   5                                      }
 524   4                                      LCDPrintChar(curDigit,1,'^');
 525   4                              }
 526   3                              else{
 527   4                                      switch(key3Events){
 528   5                                              case SHORT_PRESS:
 529   5                                                      isBreak=1;
 530   5                                                      break;
 531   5                                              default:
 532   5                                                      break;
 533   5                                      }
 534   4                              }
 535   3                              RstKeyEvents();
 536   3                      }
 537   2              }
 538   1              switch(rUnit){
 539   2                      case 0x20:
 540   2                              sieveRVal=rNumPart;
 541   2                              break;
 542   2                      case 'K':
 543   2                              sieveRVal=rNumPart*1e3;
 544   2                              break;
 545   2                      case 'M':
 546   2                              sieveRVal=rNumPart*1e6;
C51 COMPILER V9.01   MENU                                                                  07/22/2018 13:31:07 PAGE 10  

 547   2                              break;
 548   2              }
 549   1              errTolr=(float) errTolrE2/100.0;
 550   1              LCDCls();
 551   1              LCDPrintNumFixdgt(0,0,rNumPart,3);
 552   1              LCDPrintChar(3,0,rUnit);
 553   1              LCDPrintNumFixdgt(0,1,errTolrE2,2);
 554   1              LCDPrintFloat(8,0,sieveRVal);
 555   1              LCDPrintFloat(8,1,errTolr);
 556   1              delaynms(3000);
 557   1      }
 558          
 559          
 560          
 561          
 562          


MODULE INFORMATION:   STATIC OVERLAYABLE
   CODE SIZE        =   1919    ----
   CONSTANT SIZE    =    237    ----
   XDATA SIZE       =     68    ----
   PDATA SIZE       =   ----    ----
   DATA SIZE        =     31       6
   IDATA SIZE       =   ----    ----
   BIT SIZE         =      1    ----
END OF MODULE INFORMATION.


C51 COMPILATION COMPLETE.  0 WARNING(S),  0 ERROR(S)
