C51 COMPILER V9.01   RM                                                                    07/19/2018 13:44:58 PAGE 1   


C51 COMPILER V9.01, COMPILATION OF MODULE RM
OBJECT MODULE PLACED IN .\RM.obj
COMPILER INVOKED BY: D:\Kell\C51\BIN\C51.EXE ..\Src\RM.c BROWSE DEBUG OBJECTEXTEND PRINT(.\RM.lst) OBJECT(.\RM.obj)

line level    source

   1          #include "RM.h"
   2          /**
   3           * 函数功能：延时nms
   4           * @Author   Xiaobo     Yang
   5           * @DateTime 2018-07-16
   6           * @Summary Omitted
   7           */
   8          void delaynms(uchar n)
   9          {
  10   1              uchar  i;
  11   1              for(i=0;i<n;i++) delay1ms();
  12   1      }
  13          /**
  14           * 函数功能：延时1ms
  15           * @Author   Xiaobo     Yang
  16           * @DateTime 2018-07-16
  17           * @Summary (3j+2)*i=(3 × 33+2)× 10=1010(微秒)，可以认为是1 毫秒
  18           */
  19          void delay1ms()
  20          {
  21   1              uchar i,j;
  22   1              for(i=0;i<10;i++) 
  23   1                      for(j=0;j<33;j++);
  24   1      }


MODULE INFORMATION:   STATIC OVERLAYABLE
   CODE SIZE        =     33    ----
   CONSTANT SIZE    =   ----    ----
   XDATA SIZE       =   ----    ----
   PDATA SIZE       =   ----    ----
   DATA SIZE        =   ----       2
   IDATA SIZE       =   ----    ----
   BIT SIZE         =   ----    ----
END OF MODULE INFORMATION.


C51 COMPILATION COMPLETE.  0 WARNING(S),  0 ERROR(S)
