C51 COMPILER V9.01   TIMER                                                                 07/20/2018 09:12:13 PAGE 1   


C51 COMPILER V9.01, COMPILATION OF MODULE TIMER
OBJECT MODULE PLACED IN .\Timer.obj
COMPILER INVOKED BY: D:\Kell\C51\BIN\C51.EXE ..\Src\Timer.c BROWSE DEBUG OBJECTEXTEND PRINT(.\Timer.lst) OBJECT(.\Timer.
                    -obj)

line level    source

   1          #include "RM.h"
   2          #include "Timer.h"
   3          
   4          extern uchar timerFun;
   5          
   6          sbit capSel=P2^4;                       //电容选择接口
   7          extern bit isTimerEvent;                        //记录是否有定时器事件发生（完成一次频率测量）
   8          extern long curN;                                       //当前测得脉冲数
   9          extern long curFreqE5;                          //当前测得频率
  10          extern float curRValue;                         //记录当前测得电阻阻值
  11          extern long refLowRN;                           //低档位下参考脉冲数
  12          extern long refHighRN;                          //高档位下参考脉冲数
  13          
  14          uchar t0IntrTimes;                                      //T0用于计时，T1用于计数，两个变量储存他们的溢出次数
  15          uchar t1IntrTimes;
  16          /**
  17           * 设定初值,中断允许,计时优先，设定TMOD(51)
  18           * @Author   Xiaobo     Yang
  19           * @DateTime 2018-07-18
  20           * @Summury 用于软重设，因此所有全局变量都需要重设
  21           */
  22          void InitialTimers(){
  23   1              EA=1;                                                   //允许中断，并让计时器的中断优先级最高
  24   1              ET0=1;
  25   1              ET1=1;
  26   1              PT0=1;
  27   1              PT1=0;
  28   1              TMOD=0x51;                                              //T0用于计时，T1用于计数
  29   1              capSel=CAPSEL_LOWR;                             //重置所有全局变量
  30   1              curRValue=0;
  31   1              isTimerEvent=0;
  32   1              curN=0;
  33   1              curFreqE5=0;
  34   1              refLowRN=0;
  35   1              refHighRN=0;
  36   1              t0IntrTimes=0;
  37   1              t1IntrTimes=0;
  38   1              TH0=TL0=0;
  39   1              TH1=TL1=0;
  40   1              TR1=TR0=0;
  41   1              timerFun=TIMERFUN_FREQ_MEASRURE;//计时器初始功能为频率测量
  42   1      }
  43          /**
  44           * 切换计时器功能
  45           * @Author   Xiaobo     Yang
  46           * @DateTime 2018-07-19
  47           * @Summury
  48           * @param    fun        功能描述
  49           */
  50          void SwitchTimerFun(uchar fun){
  51   1              timerFun=fun;
  52   1              TR1=TR0=0;                                                              //切换功能前先让定时器停止工作，下次使用时强制用StartTimer初始
             -化
  53   1              switch(fun){
C51 COMPILER V9.01   TIMER                                                                 07/20/2018 09:12:13 PAGE 2   

  54   2                      case TIMERFUN_FREQ_MEASRURE:            //频率测量，T1计数，T2计时
  55   2                              TMOD=0x51;
  56   2                              break;
  57   2                      case TIMERFUN_PWM:                                      //PWM波输出控制舵机，两个都计时
  58   2                              TMOD=0x11;
  59   2                              break;
  60   2                      case TIMERFUN_KEY_SCAN:                         //键盘扫描，两个都计时
  61   2                              TMOD=0x11;
  62   2                              break;
  63   2                      case TIMERFUN_HALT:                                     //键盘扫描
  64   2                              break;
  65   2              }
  66   1      }
  67          /**
  68           * 初始化T0,T1;开启计时器，开始测量频率
  69           * @Author   Xiaobo     Yang
  70           * @DateTime 2018-07-18
  71           * @Summury
  72           */
  73          void StartTimer(){
  74   1              isTimerEvent=0;                                                 //保险起见，再重置一次时钟事件，防止客户没有使用GetRVal函
             -
  75   1              t0IntrTimes=0;                                          
  76   1              t1IntrTimes=0;
  77   1              switch(timerFun){
  78   2                      case TIMERFUN_FREQ_MEASRURE:
  79   2                              TH0=TL0=0;                                              //计时器从0开始计时
  80   2                              TH1=TL1=0;                                              //计数器从0开始计数
  81   2                              TR0=1;                                                  //开启计时器
  82   2                              TR1=1;                                                  //开启计数器
  83   2                              break;
  84   2                      case TIMERFUN_PWM:
  85   2                              /////////
  86   2                              //TODO:NOT FINISHED//
  87   2                              /////////
  88   2                              break;
  89   2                      case TIMERFUN_KEY_SCAN:
  90   2                              //////////////////////
  91   2                              //TODO:NOT FINISHED //
  92   2                              //////////////////////
  93   2                              break;
  94   2                      case TIMERFUN_HALT:
  95   2                              //////////////////////
  96   2                              //TODO:NOT FINISHED //
  97   2                              //////////////////////
  98   2                              break;
  99   2              }
 100   1      }
 101          /**
 102           * T1中断，溢出计数加一
 103           * @Author   Xiaobo     Yang
 104           * @DateTime 2018-07-18
 105           * @Summury
 106           */
 107          void T1INT() interrupt 3 using 2{
 108   1              switch(timerFun){
 109   2                      case TIMERFUN_FREQ_MEASRURE:                                    //溢出计数加一，自动重装
 110   2                              t1IntrTimes++;  
 111   2                              break;                                  
 112   2                      case TIMERFUN_PWM:
 113   2                              /////////
 114   2                              //TODO:NOT FINISHED//
C51 COMPILER V9.01   TIMER                                                                 07/20/2018 09:12:13 PAGE 3   

 115   2                              /////////
 116   2                              break;
 117   2                      case TIMERFUN_KEY_SCAN:
 118   2                              //////////////////////
 119   2                              //TODO:NOT FINISHED //
 120   2                              //////////////////////
 121   2                              break;
 122   2                      case TIMERFUN_HALT:
 123   2                              //////////////////////
 124   2                              //TODO:NOT FINISHED //
 125   2                              //////////////////////
 126   2                              break;
 127   2              }
 128   1      }
 129          /**
 130           * T0中断
 131           * @Author   Xiaobo     Yang
 132           * @DateTime 2018-07-18
 133           * @Summury
 134           */
 135          void T0INT() interrupt 1 using 1{
 136   1              if((capSel==CAPSEL_LOWR)                //若为低电阻档且两次溢出
 137   1                      &&(++t0IntrTimes==2)){
 138   2                      TR1=0;                                          //关停计数器，计时器
 139   2                      TR0=0;
 140   2                      isTimerEvent=1;                         //告知主程序发生计时器事件
 141   2              }
 142   1              else if((capSel==CAPSEL_HIGHR)  //若为高电阻档且15次溢出
 143   1                      &&(++t0IntrTimes==15)){
 144   2                      TR1=0;                                          //关停计数器，计时器
 145   2                      TR0=0;
 146   2                      isTimerEvent=1;                         //告知主程序发生计时器事件
 147   2              }
 148   1      }
 149          
 150          /////////
 151          //TODO:防止溢出 //
 152          /////////
 153          
 154          /**
 155           * 计算脉冲数，频率和电阻
 156           * @Author   Xiaobo     Yang
 157           * @DateTime 2018-07-18
 158           * @Summury  本函数中魔鬼数字较多，为的是提高计算精度。所有数据都是在MATLAB中
             -计算后带入，切勿随意修改
 159           */
 160          void GetRVal(){
 161   1              isTimerEvent=0;
 162   1              curN=t1IntrTimes*65536+TH1*256+TL1; // 计算脉冲次数
 163   1              if(capSel==CAPSEL_LOWR){
 164   2                      curFreqE5=703125*curN;
 165   2                      curRValue=1.69065825104e9F*( (refLowRN-curN)/(refLowRN*curN) );
 166   2              }
 167   1              else{
 168   2                      curFreqE5=93750*curN;
 169   2                      curRValue=1.53887471028e11F*( (refHighRN-curN)/(refHighRN*curN) );
 170   2              }
 171   1      }


MODULE INFORMATION:   STATIC OVERLAYABLE
   CODE SIZE        =    431    ----
C51 COMPILER V9.01   TIMER                                                                 07/20/2018 09:12:13 PAGE 4   

   CONSTANT SIZE    =   ----    ----
   XDATA SIZE       =   ----    ----
   PDATA SIZE       =   ----    ----
   DATA SIZE        =      2    ----
   IDATA SIZE       =   ----    ----
   BIT SIZE         =   ----    ----
END OF MODULE INFORMATION.


C51 COMPILATION COMPLETE.  0 WARNING(S),  0 ERROR(S)
